<?xml version="1.0" encoding="UTF-8"?>
<!-- Generated by org.testng.reporters.JUnitReportReporter -->
<testsuite skipped="0" hostname="LPCL-PG02AB4M" name="tests.TC1" tests="1" failures="0" timestamp="2021-12-16T17:19:09 GMT+05:30" time="8.839" errors="0">
  <testcase name="HOMEPS" time="8.839" classname="tests.TC1"/>
  <system-out/>
</testsuite> <!-- tests.TC1 -->
