<?xml version="1.0" encoding="UTF-8"?>
<!-- Generated by org.testng.reporters.JUnitReportReporter -->
<testsuite skipped="0" hostname="LPCL-PG02AB4M" name="tests.TC2_Login" tests="1" failures="0" timestamp="2021-12-16T17:23:38 GMT+05:30" time="22.393" errors="0">
  <testcase name="loginTestPS" time="22.393" classname="tests.TC2_Login"/>
  <system-out/>
</testsuite> <!-- tests.TC2_Login -->
