<?xml version="1.0" encoding="UTF-8"?>
<!-- Generated by org.testng.reporters.JUnitReportReporter -->
<testsuite skipped="0" hostname="LPCL-PG02AB4M" name="mu.testCases.TC_LoginTestPS_001" tests="1" failures="0" timestamp="2021-12-17T11:49:50 GMT+05:30" time="26.150" errors="0">
  <testcase name="loginTestPS" time="26.150" classname="mu.testCases.TC_LoginTestPS_001"/>
  <system-out/>
</testsuite> <!-- mu.testCases.TC_LoginTestPS_001 -->
