<?xml version="1.0" encoding="UTF-8"?>
<!-- Generated by org.testng.reporters.JUnitReportReporter -->
<testsuite skipped="0" hostname="LPCL-PG02AB4M" name="mu.testCases.TC_homesol_002" tests="1" failures="0" timestamp="2021-12-20T22:59:13 GMT+05:30" time="39.477" errors="0">
  <testcase name="housesolutionTab_test" time="39.477" classname="mu.testCases.TC_homesol_002"/>
  <system-out/>
</testsuite> <!-- mu.testCases.TC_homesol_002 -->
