<?xml version="1.0" encoding="UTF-8"?>
<!-- Generated by org.testng.reporters.JUnitReportReporter -->
<testsuite hostname="DESKTOP-EDAEILD" failures="0" tests="1" name="mursion.testCases.TC_CreateUser_003" time="19.821" errors="0" timestamp="2021-09-16T11:51:21 IST" skipped="0">
  <testcase classname="mursion.testCases.TC_CreateUser_003" name="UserPage" time="19.821"/>
  <system-out/>
</testsuite> <!-- mursion.testCases.TC_CreateUser_003 -->
