<?xml version="1.0" encoding="UTF-8"?>
<!-- Generated by org.testng.reporters.JUnitReportReporter -->
<testsuite hostname="DESKTOP-EDAEILD" failures="0" tests="1" name="mursion.testCases.TC_ScheduleSessionAsPS_005" time="17.647" errors="0" timestamp="2021-09-14T18:04:45 IST" skipped="0">
  <testcase classname="mursion.testCases.TC_ScheduleSessionAsPS_005" name="loginTest" time="17.647"/>
  <system-out/>
</testsuite> <!-- mursion.testCases.TC_ScheduleSessionAsPS_005 -->
