<?xml version="1.0" encoding="UTF-8"?>
<!-- Generated by org.testng.reporters.JUnitReportReporter -->
<testsuite skipped="0" hostname="LPCL-PG02AB4M" name="mu.testCases.TC_BLogout_01" tests="1" failures="0" timestamp="2021-12-23T20:21:40 GMT+05:30" time="0.024" errors="0">
  <testcase name="test_Logout" time="0.024" classname="mu.testCases.TC_BLogout_01"/>
  <system-out/>
</testsuite> <!-- mu.testCases.TC_BLogout_01 -->
