<?xml version="1.0" encoding="UTF-8"?>
<!-- Generated by org.testng.reporters.JUnitReportReporter -->
<testsuite skipped="0" hostname="LPCL-PG02AB4M" name="mu.testCases.TC_Alogin_001" tests="1" failures="0" timestamp="2021-12-23T22:09:58 GMT+05:30" time="29.241" errors="0">
  <testcase name="loginTest_1" time="29.241" classname="mu.testCases.TC_Alogin_001"/>
  <system-out/>
</testsuite> <!-- mu.testCases.TC_Alogin_001 -->
