<?xml version="1.0" encoding="UTF-8"?>
<!-- Generated by org.testng.reporters.JUnitReportReporter -->
<testsuite hostname="DESKTOP-EDAEILD" failures="0" tests="1" name="mursion.testCases.LoginPageas_Learner_TC006" time="5.127" errors="0" timestamp="2021-09-16T11:51:21 IST" skipped="0">
  <testcase classname="mursion.testCases.LoginPageas_Learner_TC006" name="loginTest" time="5.127"/>
  <system-out/>
</testsuite> <!-- mursion.testCases.LoginPageas_Learner_TC006 -->
