<?xml version="1.0" encoding="UTF-8"?>
<!-- Generated by org.testng.reporters.JUnitReportReporter -->
<testsuite hostname="DESKTOP-EDAEILD" failures="0" tests="1" name="mursion.testCases.TC_LoginTestPS_001" time="28.018" errors="0" timestamp="2021-10-07T11:19:33 IST" skipped="0">
  <testcase classname="mursion.testCases.TC_LoginTestPS_001" name="loginTestPS" time="28.018"/>
  <system-out/>
</testsuite> <!-- mursion.testCases.TC_LoginTestPS_001 -->
