<?xml version="1.0" encoding="UTF-8"?>
<!-- Generated by org.testng.reporters.JUnitReportReporter -->
<testsuite hostname="DESKTOP-EDAEILD" failures="0" tests="4" name="mursion.testCases.TC_LoginTest_001" time="42.792" errors="0" timestamp="2021-09-29T21:54:29 IST" skipped="0">
  <testcase classname="mursion.testCases.TC_LoginTest_001" name="loginTestSS" time="11.381"/>
  <system-out/>
  <testcase classname="mursion.testCases.TC_LoginTest_001" name="loginTestL" time="9.152"/>
  <system-out/>
  <testcase classname="mursion.testCases.TC_LoginTest_001" name="loginTestPS" time="8.110"/>
  <system-out/>
  <testcase classname="mursion.testCases.TC_LoginTest_001" name="loginTestPM" time="14.149"/>
  <system-out/>
</testsuite> <!-- mursion.testCases.TC_LoginTest_001 -->
