<?xml version="1.0" encoding="UTF-8"?>
<!-- Generated by org.testng.reporters.JUnitReportReporter -->
<testsuite skipped="0" hostname="LPCL-PG02AB4M" name="mu.testCases.TC_homesol_002" tests="1" failures="0" timestamp="2021-12-17T14:30:03 GMT+05:30" time="25.605" errors="0">
  <testcase name="homesol" time="25.605" classname="mu.testCases.TC_homesol_002"/>
  <system-out/>
</testsuite> <!-- mu.testCases.TC_homesol_002 -->
