<?xml version="1.0" encoding="UTF-8"?>
<!-- Generated by org.testng.reporters.JUnitReportReporter -->
<testsuite skipped="0" hostname="LPCL-PG02AB4M" name="tests.TC2" tests="1" failures="0" timestamp="2021-12-16T17:20:09 GMT+05:30" time="16.404" errors="0">
  <testcase name="loginTestPS" time="16.404" classname="tests.TC2"/>
  <system-out/>
</testsuite> <!-- tests.TC2 -->
