<?xml version="1.0" encoding="UTF-8"?>
<!-- Generated by org.testng.reporters.JUnitReportReporter -->
<testsuite hostname="DESKTOP-EDAEILD" failures="0" tests="11" name="mursion.testCases.TC_ClientModule_002" time="25.206" errors="0" timestamp="2021-11-09T17:30:55 IST" skipped="10">
  <testcase classname="mursion.testCases.TC_ClientModule_002" name="createClientUsers1" time="25.206"/>
  <system-out/>
  <testcase classname="mursion.testCases.TC_ClientModule_002" name="searchClient_AsSS">
    <skipped/>
  </testcase> <!-- searchClient_AsSS -->
  <system-out/>
  <testcase classname="mursion.testCases.TC_ClientModule_002" name="scheduleASessionPS">
    <skipped/>
  </testcase> <!-- scheduleASessionPS -->
  <system-out/>
  <testcase classname="mursion.testCases.TC_ClientModule_002" name="searchClientText_AsPMRole">
    <skipped/>
  </testcase> <!-- searchClientText_AsPMRole -->
  <system-out/>
  <testcase classname="mursion.testCases.TC_ClientModule_002" name="sortClient_ListASPM">
    <skipped/>
  </testcase> <!-- sortClient_ListASPM -->
  <system-out/>
  <testcase classname="mursion.testCases.TC_ClientModule_002" name="createNewProject">
    <skipped/>
  </testcase> <!-- createNewProject -->
  <system-out/>
  <testcase classname="mursion.testCases.TC_ClientModule_002" name="createClientUsers">
    <skipped/>
  </testcase> <!-- createClientUsers -->
  <system-out/>
  <testcase classname="mursion.testCases.TC_ClientModule_002" name="sortClient_ListASSS">
    <skipped/>
  </testcase> <!-- sortClient_ListASSS -->
  <system-out/>
  <testcase classname="mursion.testCases.TC_ClientModule_002" name="sortClient_ListASPS">
    <skipped/>
  </testcase> <!-- sortClient_ListASPS -->
  <system-out/>
  <testcase classname="mursion.testCases.TC_ClientModule_002" name="searchClientAsPS">
    <skipped/>
  </testcase> <!-- searchClientAsPS -->
  <system-out/>
  <testcase classname="mursion.testCases.TC_ClientModule_002" name="loginTest">
    <skipped/>
  </testcase> <!-- loginTest -->
  <system-out/>
</testsuite> <!-- mursion.testCases.TC_ClientModule_002 -->
