<?xml version="1.0" encoding="UTF-8"?>
<!-- Generated by org.testng.reporters.JUnitReportReporter -->
<testsuite hostname="DESKTOP-EDAEILD" failures="0" tests="5" name="mursion.testCases.TC_LoginTestOther_001" time="67.601" errors="0" timestamp="2021-10-07T11:21:27 IST" skipped="0">
  <testcase classname="mursion.testCases.TC_LoginTestOther_001" name="loginTestAO" time="14.500"/>
  <system-out/>
  <testcase classname="mursion.testCases.TC_LoginTestOther_001" name="loginTestPM" time="12.924"/>
  <system-out/>
  <testcase classname="mursion.testCases.TC_LoginTestOther_001" name="loginTestL" time="13.651"/>
  <system-out/>
  <testcase classname="mursion.testCases.TC_LoginTestOther_001" name="loginTestSS" time="12.023"/>
  <system-out/>
  <testcase classname="mursion.testCases.TC_LoginTestOther_001" name="loginTestFAC" time="14.503"/>
  <system-out/>
</testsuite> <!-- mursion.testCases.TC_LoginTestOther_001 -->
