<?xml version="1.0" encoding="UTF-8"?>
<!-- Generated by org.testng.reporters.JUnitReportReporter -->
<testsuite skipped="0" hostname="LPCL-PG02AB4M" name="tests.TC_HomeSolPS_002" tests="1" failures="0" timestamp="2021-12-16T15:27:28 GMT+05:30" time="28.791" errors="0">
  <testcase name="HOMEPS" time="28.791" classname="tests.TC_HomeSolPS_002"/>
  <system-out/>
</testsuite> <!-- tests.TC_HomeSolPS_002 -->
