<?xml version="1.0" encoding="UTF-8"?>
<!-- Generated by org.testng.reporters.JUnitReportReporter -->
<testsuite skipped="0" hostname="LPCL-PG02AB4M" name="mu.testCases.TC_homesol_002" tests="2" failures="0" timestamp="2021-12-23T13:35:28 GMT+05:30" time="78.637" errors="0">
  <testcase name="loginTest_1" time="40.432" classname="mu.testCases.TC_homesol_002"/>
  <system-out/>
  <testcase name="housesolutionTab_test" time="38.205" classname="mu.testCases.TC_homesol_002"/>
  <system-out/>
</testsuite> <!-- mu.testCases.TC_homesol_002 -->
